[2022-08-17 14:51:59,456: INFO: stage_01_prepare_data]: 
********************
[2022-08-17 14:51:59,459: INFO: stage_01_prepare_data]: >>>>> stage  started <<<<<
[2022-08-17 14:51:59,476: INFO: common]: yaml file: configs/config.yaml loaded successfully
[2022-08-17 14:51:59,487: INFO: common]: yaml file: params.yaml loaded successfully
[2022-08-17 14:51:59,492: INFO: common]: created directory at: artifacts\prepared
[2022-08-17 14:51:59,493: INFO: stage_01_prepare_data]: >>>>> stage  completed!<<<<<

[2022-08-17 20:09:29,418: INFO: stage_01_prepare_data]: 
********************
[2022-08-17 20:09:29,419: INFO: stage_01_prepare_data]: >>>>> stage Prepare_data started <<<<<
[2022-08-17 20:09:29,430: INFO: common]: yaml file: configs/config.yaml loaded successfully
[2022-08-17 20:09:29,438: INFO: common]: yaml file: params.yaml loaded successfully
[2022-08-17 20:09:29,439: INFO: common]: created directory at: artifacts\prepared
[2022-08-17 20:09:39,451: INFO: stage_01_prepare_data]: >>>>> stage Prepare_data completed!<<<<<

[2022-08-17 23:47:23,285: INFO: stage_02_featurization]: 
********************
[2022-08-17 23:47:23,288: INFO: stage_02_featurization]: >>>>> stage Featurization started <<<<<
[2022-08-17 23:47:23,300: INFO: common]: yaml file: configs/config.yaml loaded successfully
[2022-08-17 23:47:23,306: INFO: common]: yaml file: params.yaml loaded successfully
[2022-08-17 23:47:23,309: INFO: common]: created directory at: artifacts\features
[2022-08-17 23:47:24,374: INFO: common]: The input data frame artifacts\prepared\train.tsv of size (17536, 3) is read.
[2022-08-17 23:48:20,564: INFO: data_mgmt]: The output matrix saved at artifacts\features\train.pkl of shape: (17536, 2502)
[2022-08-17 23:48:20,905: INFO: common]: The input data frame artifacts\prepared\test.tsv of size (7464, 3) is read.
[2022-08-17 23:48:27,794: INFO: data_mgmt]: The output matrix saved at artifacts\features\test.pkl of shape: (7464, 2502)
[2022-08-17 23:48:28,600: INFO: stage_02_featurization]: >>>>> stage Featurization completed!<<<<<

[2022-08-18 00:18:35,017: INFO: stage_03_train]: 
********************
[2022-08-18 00:18:35,018: INFO: stage_03_train]: >>>>> stage Training started <<<<<
[2022-08-18 00:18:35,030: INFO: common]: yaml file: configs/config.yaml loaded successfully
[2022-08-18 00:18:35,037: INFO: common]: yaml file: params.yaml loaded successfully
[2022-08-18 00:18:35,039: INFO: common]: created directory at: artifacts\model
[2022-08-18 00:18:35,077: INFO: stage_03_train]: input matrix size: (17536, 2502)
[2022-08-18 00:18:35,078: INFO: stage_03_train]: X matrix size: (17536, 2500)
[2022-08-18 00:18:35,078: INFO: stage_03_train]: Y matrix size or labels: (17536,)
[2022-08-18 00:18:51,278: INFO: stage_03_train]: saved our model at: artifacts\model\model.pkl
[2022-08-18 00:18:51,284: INFO: stage_03_train]: >>>>> stage Training completed!<<<<<

